
> challenge-killer@0.1.0 build
> next build

⚠ Warning: Next.js inferred your workspace root, but it may not be correct.
 We detected multiple lockfiles and selected the directory of C:\Users\kalle\package-lock.json as the root directory.
 To silence this warning, set `turbopack.root` in your Next.js config, or consider removing one of the lockfiles if it's not needed.
   See https://nextjs.org/docs/app/api-reference/config/next-config-js/turbopack#root-directory for more information.
 Detected additional lockfiles: 
   * C:\Users\kalle\challenge-killer\package-lock.json

▲ Next.js 16.1.6 (Turbopack)
- Environments: .env.local

  Creating an optimized production build ...
✓ Compiled successfully in 3.5s
  Running TypeScript ...
  Collecting page data using 7 workers ...
  Generating static pages using 7 workers (0/10) ...
  Generating static pages using 7 workers (2/10) 
Error occurred prerendering page "/account". Read more: https://nextjs.org/docs/messages/prerender-error
Error: supabaseUrl is required.
    at <unknown> (C:\Users\kalle\challenge-killer\.next\server\chunks\ssr\challenge-killer_src_lib_supabase_ts_20a5d2b0._.js:37:43440)
    at new ce (C:\Users\kalle\challenge-killer\.next\server\chunks\ssr\challenge-killer_src_lib_supabase_ts_20a5d2b0._.js:37:43691)
    at module evaluation (C:\Users\kalle\challenge-killer\.next\server\chunks\ssr\challenge-killer_src_lib_supabase_ts_20a5d2b0._.js:37:48029)
    at instantiateModule (C:\Users\kalle\challenge-killer\.next\server\chunks\ssr\[turbopack]_runtime.js:740:9)
    at getOrInstantiateModuleFromParent (C:\Users\kalle\challenge-killer\.next\server\chunks\ssr\[turbopack]_runtime.js:763:12)
    at Context.esmImport [as i] (C:\Users\kalle\challenge-killer\.next\server\chunks\ssr\[turbopack]_runtime.js:228:20)
    at module evaluation (C:\Users\kalle\challenge-killer\.next\server\chunks\ssr\challenge-killer_src_d4818794._.js:1:658)
    at instantiateModule (C:\Users\kalle\challenge-killer\.next\server\chunks\ssr\[turbopack]_runtime.js:740:9)
    at getOrInstantiateModuleFromParent (C:\Users\kalle\challenge-killer\.next\server\chunks\ssr\[turbopack]_runtime.js:763:12)
    at Context.commonJsRequire [as r] (C:\Users\kalle\challenge-killer\.next\server\chunks\ssr\[turbopack]_runtime.js:249:12) {
  digest: '1747736851'
}
Export encountered an error on /account/page: /account, exiting the build.
⨯ Next.js build worker exited with code: 1 and signal: null
